Using pre-set license
Built from '2021.3/staging' branch; Version is '2021.3.4f1 (cb45f9cae8b7) revision 13321721'; Using compiler version '192829333'; Build Type 'Release'
OS: 'Windows 11  (10.0.22000) 64bit Core' Language: 'en' Physical Memory: 32438 MB
BatchMode: 1, IsHumanControllingUs: 0, StartBugReporterOnCrash: 0, Is64bit: 1, IsPro: 1

COMMAND LINE ARGUMENTS:
C:\Program Files\Unity\Hub\Editor\2021.3.4f1\Editor\Unity.exe
-adb2
-batchMode
-noUpm
-name
AssetImportWorker4
-projectPath
C:/Users/Crimson/Documents/Unity Projects/OperaVerse_UnderWater_Theater
-logFile
Logs/AssetImportWorker4.log
-srvPort
58229
Successfully changed project path to: C:/Users/Crimson/Documents/Unity Projects/OperaVerse_UnderWater_Theater
C:/Users/Crimson/Documents/Unity Projects/OperaVerse_UnderWater_Theater
[UnityMemory] Configuration Parameters - Can be set up in boot.config
    "memorysetup-bucket-allocator-granularity=16"
    "memorysetup-bucket-allocator-bucket-count=8"
    "memorysetup-bucket-allocator-block-size=33554432"
    "memorysetup-bucket-allocator-block-count=8"
    "memorysetup-main-allocator-block-size=16777216"
    "memorysetup-thread-allocator-block-size=16777216"
    "memorysetup-gfx-main-allocator-block-size=16777216"
    "memorysetup-gfx-thread-allocator-block-size=16777216"
    "memorysetup-cache-allocator-block-size=4194304"
    "memorysetup-typetree-allocator-block-size=2097152"
    "memorysetup-profiler-bucket-allocator-granularity=16"
    "memorysetup-profiler-bucket-allocator-bucket-count=8"
    "memorysetup-profiler-bucket-allocator-block-size=33554432"
    "memorysetup-profiler-bucket-allocator-block-count=8"
    "memorysetup-profiler-allocator-block-size=16777216"
    "memorysetup-profiler-editor-allocator-block-size=1048576"
    "memorysetup-temp-allocator-size-main=16777216"
    "memorysetup-job-temp-allocator-block-size=2097152"
    "memorysetup-job-temp-allocator-block-size-background=1048576"
    "memorysetup-job-temp-allocator-reduction-small-platforms=262144"
    "memorysetup-temp-allocator-size-background-worker=32768"
    "memorysetup-temp-allocator-size-job-worker=262144"
    "memorysetup-temp-allocator-size-preload-manager=33554432"
    "memorysetup-temp-allocator-size-nav-mesh-worker=65536"
    "memorysetup-temp-allocator-size-audio-worker=65536"
    "memorysetup-temp-allocator-size-cloud-worker=32768"
    "memorysetup-temp-allocator-size-gi-baking-worker=262144"
    "memorysetup-temp-allocator-size-gfx=262144"
Refreshing native plugins compatible for Editor in 66.62 ms, found 3 plugins.
Preloading 0 native plugins for Editor in 0.00 ms.
Initialize engine version: 2021.3.4f1 (cb45f9cae8b7)
[Subsystems] Discovering subsystems at path C:/Program Files/Unity/Hub/Editor/2021.3.4f1/Editor/Data/Resources/UnitySubsystems
[Subsystems] Discovering subsystems at path C:/Users/Crimson/Documents/Unity Projects/OperaVerse_UnderWater_Theater/Assets
GfxDevice: creating device client; threaded=0; jobified=0
Direct3D:
    Version:  Direct3D 11.0 [level 11.1]
    Renderer: NVIDIA GeForce RTX 3080 Ti Laptop GPU (ID=0x2460)
    Vendor:   NVIDIA
    VRAM:     16200 MB
    Driver:   30.0.15.1338
Initialize mono
Mono path[0] = 'C:/Program Files/Unity/Hub/Editor/2021.3.4f1/Editor/Data/Managed'
Mono path[1] = 'C:/Program Files/Unity/Hub/Editor/2021.3.4f1/Editor/Data/MonoBleedingEdge/lib/mono/unityjit-win32'
Mono config path = 'C:/Program Files/Unity/Hub/Editor/2021.3.4f1/Editor/Data/MonoBleedingEdge/etc'
Using monoOptions --debugger-agent=transport=dt_socket,embedding=1,server=y,suspend=n,address=127.0.0.1:56208
Begin MonoManager ReloadAssembly
Registering precompiled unity dll's ...
Register platform support module: C:/Program Files/Unity/Hub/Editor/2021.3.4f1/Editor/Data/PlaybackEngines/WebGLSupport/UnityEditor.WebGL.Extensions.dll
Register platform support module: C:/Program Files/Unity/Hub/Editor/2021.3.4f1/Editor/Data/PlaybackEngines/MacStandaloneSupport/UnityEditor.OSXStandalone.Extensions.dll
Register platform support module: C:/Program Files/Unity/Hub/Editor/2021.3.4f1/Editor/Data/PlaybackEngines/AndroidPlayer/UnityEditor.Android.Extensions.dll
Register platform support module: C:/Program Files/Unity/Hub/Editor/2021.3.4f1/Editor/Data/PlaybackEngines/iOSSupport/UnityEditor.iOS.Extensions.dll
Register platform support module: C:/Program Files/Unity/Hub/Editor/2021.3.4f1/Editor/Data/PlaybackEngines/WindowsStandaloneSupport/UnityEditor.WindowsStandalone.Extensions.dll
Register platform support module: C:/Program Files/Unity/Hub/Editor/2021.3.4f1/Editor/Data/PlaybackEngines/MetroSupport/UnityEditor.UWP.Extensions.dll
Registered in 0.003935 seconds.
Native extension for UWP target not found
Native extension for WindowsStandalone target not found
[usbmuxd] Start listen thread
[usbmuxd] Listen thread started
Native extension for iOS target not found
Native extension for Android target not found
Native extension for OSXStandalone target not found
Native extension for WebGL target not found
Refreshing native plugins compatible for Editor in 65.76 ms, found 3 plugins.
Preloading 0 native plugins for Editor in 0.00 ms.
Mono: successfully reloaded assembly
- Completed reload, in  0.451 seconds
Domain Reload Profiling:
	ReloadAssembly (451ms)
		BeginReloadAssembly (43ms)
			ExecutionOrderSort (0ms)
			DisableScriptedObjects (0ms)
			BackupInstance (0ms)
			ReleaseScriptingObjects (0ms)
			CreateAndSetChildDomain (0ms)
		EndReloadAssembly (336ms)
			LoadAssemblies (42ms)
			RebuildTransferFunctionScriptingTraits (0ms)
			SetupTypeCache (77ms)
			ReleaseScriptCaches (0ms)
			RebuildScriptCaches (18ms)
			SetupLoadedEditorAssemblies (207ms)
				LogAssemblyErrors (0ms)
				InitializePlatformSupportModulesInManaged (47ms)
				SetLoadedEditorAssemblies (0ms)
				RefreshPlugins (66ms)
				BeforeProcessingInitializeOnLoad (1ms)
				ProcessInitializeOnLoadAttributes (63ms)
				ProcessInitializeOnLoadMethodAttributes (30ms)
				AfterProcessingInitializeOnLoad (0ms)
				EditorAssembliesLoaded (0ms)
			ExecutionOrderSort2 (0ms)
			AwakeInstancesAfterBackupRestoration (0ms)
Platform modules already initialized, skipping
Registering precompiled user dll's ...
Registered in 0.003633 seconds.
Android Extension - Scanning For ADB Devices 4160 ms
Begin MonoManager ReloadAssembly
Symbol file LoadedFromMemory doesn't match image C:\Users\Crimson\Documents\Unity Projects\OperaVerse_UnderWater_Theater\Library\PackageCache\com.unity.visualscripting@1.7.8\Editor\VisualScripting.Core\Dependencies\YamlDotNet\Unity.VisualScripting.YamlDotNet.dll
Symbol file LoadedFromMemory doesn't match image C:\Users\Crimson\Documents\Unity Projects\OperaVerse_UnderWater_Theater\Library\PackageCache\com.unity.visualscripting@1.7.8\Editor\VisualScripting.Core\Dependencies\DotNetZip\Unity.VisualScripting.IonicZip.dll
Native extension for UWP target not found
Native extension for WindowsStandalone target not found
Native extension for iOS target not found
Native extension for Android target not found
Native extension for OSXStandalone target not found
Native extension for WebGL target not found
Refreshing native plugins compatible for Editor in 74.08 ms, found 3 plugins.
Preloading 0 native plugins for Editor in 0.00 ms.
Mono: successfully reloaded assembly
- Completed reload, in  6.880 seconds
Domain Reload Profiling:
	ReloadAssembly (6880ms)
		BeginReloadAssembly (117ms)
			ExecutionOrderSort (0ms)
			DisableScriptedObjects (7ms)
			BackupInstance (0ms)
			ReleaseScriptingObjects (0ms)
			CreateAndSetChildDomain (20ms)
		EndReloadAssembly (6556ms)
			LoadAssemblies (3946ms)
			RebuildTransferFunctionScriptingTraits (0ms)
			SetupTypeCache (918ms)
			ReleaseScriptCaches (0ms)
			RebuildScriptCaches (58ms)
			SetupLoadedEditorAssemblies (1611ms)
				LogAssemblyErrors (0ms)
				InitializePlatformSupportModulesInManaged (17ms)
				SetLoadedEditorAssemblies (0ms)
				RefreshPlugins (74ms)
				BeforeProcessingInitializeOnLoad (78ms)
				ProcessInitializeOnLoadAttributes (293ms)
				ProcessInitializeOnLoadMethodAttributes (1144ms)
				AfterProcessingInitializeOnLoad (5ms)
				EditorAssembliesLoaded (0ms)
			ExecutionOrderSort2 (0ms)
			AwakeInstancesAfterBackupRestoration (5ms)
Platform modules already initialized, skipping
========================================================================
Worker process is ready to serve import requests
Launched and connected shader compiler UnityShaderCompiler.exe after 0.07 seconds
Refreshing native plugins compatible for Editor in 0.90 ms, found 3 plugins.
Preloading 0 native plugins for Editor in 0.00 ms.
Unloading 5021 Unused Serialized files (Serialized files now loaded: 0)
Unloading 34 unused Assets / (0.7 MB). Loaded Objects now: 5476.
Memory consumption went from 197.2 MB to 196.5 MB.
Total: 4.690200 ms (FindLiveObjects: 0.483500 ms CreateObjectMapping: 0.320700 ms MarkObjects: 3.512600 ms  DeleteObjects: 0.371700 ms)

AssetImportParameters requested are different than current active one (requested -> active):
  custom:video-decoder-ogg-theora: a1e56fd34408186e4bbccfd4996cb3dc -> 
  custom:container-muxer-webm: aa71ff27fc2769a1b78a27578f13a17b -> 
  custom:container-demuxer-webm: 4f35f7cbe854078d1ac9338744f61a02 -> 
  custom:video-encoder-webm-vp8: eb34c28f22e8b96e1ab97ce403110664 -> 
  custom:video-codec-MediaFoundation-h265: 746d11721c4dcdbdad8f713fa42b33f4 -> 
  custom:audio-encoder-webm-vorbis: bf7c407c2cedff20999df2af8eb42d56 -> 
  custom:framework-win-MediaFoundation: 216162199b28c13a410421893ffa2e32 -> 
  custom:container-demuxer-ogg: 62fdf1f143b41e24485cea50d1cbac27 -> 
  custom:video-decoder-webm-vp8: 9c59270c3fd7afecdb556c50c9e8de78 -> 
  custom:audio-decoder-ogg-vorbis: bf7c407c2cedff20999df2af8eb42d56 -> 
========================================================================
Received Import Request.
  Time since last request: 277568.156220 seconds.
  path: Assets/luna-character-in-t-pose/Materials/Bodysuit_BaseColor.mat
  artifactKey: Guid(469521ee5923cac469e2e612a45299ec) Importer(815301076,1909f56bfc062723c751e8b465ee728b)
Start importing Assets/luna-character-in-t-pose/Materials/Bodysuit_BaseColor.mat using Guid(469521ee5923cac469e2e612a45299ec) Importer(815301076,1909f56bfc062723c751e8b465ee728b)  -> (artifact id: '93f6919cc8ee4bcf695f80afc6b39689') in 0.332699 seconds 
========================================================================
Received Import Request.
  Time since last request: 232.543662 seconds.
  path: Assets/luna-character-in-t-pose
  artifactKey: Guid(ca8048ada6e246e48a223e71150d0a21) Importer(815301076,1909f56bfc062723c751e8b465ee728b)
Start importing Assets/luna-character-in-t-pose using Guid(ca8048ada6e246e48a223e71150d0a21) Importer(815301076,1909f56bfc062723c751e8b465ee728b)  -> (artifact id: '4a6a4ca1e546bac8ac5810f5c42f5961') in 0.006946 seconds 
========================================================================
Received Import Request.
  Time since last request: 17.000523 seconds.
  path: Assets/luna-character-in-t-pose/source/Luna.fbx
  artifactKey: Guid(12899a635297e574cadf3cecb8ad93eb) Importer(815301076,1909f56bfc062723c751e8b465ee728b)
Start importing Assets/luna-character-in-t-pose/source/Luna.fbx using Guid(12899a635297e574cadf3cecb8ad93eb) Importer(815301076,1909f56bfc062723c751e8b465ee728b)  -> (artifact id: '82686df0081e88b2484b10beb4b5425e') in 0.783659 seconds 
========================================================================
Received Import Request.
  Time since last request: 28.176272 seconds.
  path: Assets/luna-character-in-t-pose/source/Luna.fbx
  artifactKey: Guid(12899a635297e574cadf3cecb8ad93eb) Importer(815301076,1909f56bfc062723c751e8b465ee728b)
Start importing Assets/luna-character-in-t-pose/source/Luna.fbx using Guid(12899a635297e574cadf3cecb8ad93eb) Importer(815301076,1909f56bfc062723c751e8b465ee728b)  -> (artifact id: 'aa212dd27b203db492791ae25968cace') in 0.070429 seconds 
========================================================================
Received Import Request.
  Time since last request: 1.788568 seconds.
  path: Assets/luna-character-in-t-pose/source/Luna.fbx
  artifactKey: Guid(12899a635297e574cadf3cecb8ad93eb) Importer(815301076,1909f56bfc062723c751e8b465ee728b)
Start importing Assets/luna-character-in-t-pose/source/Luna.fbx using Guid(12899a635297e574cadf3cecb8ad93eb) Importer(815301076,1909f56bfc062723c751e8b465ee728b)  -> (artifact id: '24641c09780081d5f0e79fe8419ea380') in 0.052503 seconds 
========================================================================
Received Import Request.
  Time since last request: 3.563131 seconds.
  path: Assets/luna-character-in-t-pose/source/Luna.fbx
  artifactKey: Guid(12899a635297e574cadf3cecb8ad93eb) Importer(815301076,1909f56bfc062723c751e8b465ee728b)
Start importing Assets/luna-character-in-t-pose/source/Luna.fbx using Guid(12899a635297e574cadf3cecb8ad93eb) Importer(815301076,1909f56bfc062723c751e8b465ee728b)  -> (artifact id: '59e2dfc0234651a4dc36203312542e8f') in 0.065454 seconds 
========================================================================
Received Import Request.
  Time since last request: 78.211681 seconds.
  path: Assets/luna-character-in-t-pose/textures
  artifactKey: Guid(d4f9b9a74713ac545825db0fb41c307d) Importer(815301076,1909f56bfc062723c751e8b465ee728b)
Start importing Assets/luna-character-in-t-pose/textures using Guid(d4f9b9a74713ac545825db0fb41c307d) Importer(815301076,1909f56bfc062723c751e8b465ee728b)  -> (artifact id: '054edd62aec6793c001fe35f4b49fcc9') in 0.007764 seconds 
========================================================================
Received Import Request.
  Time since last request: 322.390817 seconds.
  path: Assets/Crimson/pREFABS
  artifactKey: Guid(588eb53ff1fa94446adb57ebc55fe46f) Importer(815301076,1909f56bfc062723c751e8b465ee728b)
Start importing Assets/Crimson/pREFABS using Guid(588eb53ff1fa94446adb57ebc55fe46f) Importer(815301076,1909f56bfc062723c751e8b465ee728b)  -> (artifact id: '463a151ff8d15a557062fc31adf8dd30') in 0.004436 seconds 
========================================================================
Received Import Request.
  Time since last request: 5.535384 seconds.
  path: Assets/Crimson/Prefabs
  artifactKey: Guid(588eb53ff1fa94446adb57ebc55fe46f) Importer(815301076,1909f56bfc062723c751e8b465ee728b)
Start importing Assets/Crimson/Prefabs using Guid(588eb53ff1fa94446adb57ebc55fe46f) Importer(815301076,1909f56bfc062723c751e8b465ee728b)  -> (artifact id: 'f3ce76e328b11e593e1eb0bc93ae8e44') in 0.005375 seconds 
========================================================================
Received Import Request.
  Time since last request: 4.419203 seconds.
  path: Assets/Crimson/Prefabs/Luna Variant.prefab
  artifactKey: Guid(9dd3b1ba680a043458bf4d8c80840634) Importer(815301076,1909f56bfc062723c751e8b465ee728b)
Start importing Assets/Crimson/Prefabs/Luna Variant.prefab using Guid(9dd3b1ba680a043458bf4d8c80840634) Importer(815301076,1909f56bfc062723c751e8b465ee728b)  -> (artifact id: '4590ab059ddcfa5fceeff7154edb84d3') in 0.051874 seconds 
========================================================================
Received Import Request.
  Time since last request: 10.426059 seconds.
  path: Assets/Crimson/01 Prefabs
  artifactKey: Guid(588eb53ff1fa94446adb57ebc55fe46f) Importer(815301076,1909f56bfc062723c751e8b465ee728b)
Start importing Assets/Crimson/01 Prefabs using Guid(588eb53ff1fa94446adb57ebc55fe46f) Importer(815301076,1909f56bfc062723c751e8b465ee728b)  -> (artifact id: '16e368423f7248df6dc6e6a697d46cb0') in 0.006188 seconds 
========================================================================
Received Import Request.
  Time since last request: 4.352252 seconds.
  path: Assets/Crimson/02Models
  artifactKey: Guid(43e4e36ff3063f74b97f14e7a167f0c2) Importer(815301076,1909f56bfc062723c751e8b465ee728b)
Start importing Assets/Crimson/02Models using Guid(43e4e36ff3063f74b97f14e7a167f0c2) Importer(815301076,1909f56bfc062723c751e8b465ee728b)  -> (artifact id: '276c27a81bc63b1174d44202bd0f869e') in 0.008230 seconds 
========================================================================
Received Import Request.
  Time since last request: 9.047840 seconds.
  path: Assets/Crimson/03 Scene
  artifactKey: Guid(fdb5035159743d3448dc96fe377bfbd9) Importer(815301076,1909f56bfc062723c751e8b465ee728b)
Start importing Assets/Crimson/03 Scene using Guid(fdb5035159743d3448dc96fe377bfbd9) Importer(815301076,1909f56bfc062723c751e8b465ee728b)  -> (artifact id: '81b1985995de2f9cedf46928e1424d26') in 0.007532 seconds 
========================================================================
Received Import Request.
  Time since last request: 6.804382 seconds.
  path: Assets/Crimson/10 Models
  artifactKey: Guid(43e4e36ff3063f74b97f14e7a167f0c2) Importer(815301076,1909f56bfc062723c751e8b465ee728b)
Start importing Assets/Crimson/10 Models using Guid(43e4e36ff3063f74b97f14e7a167f0c2) Importer(815301076,1909f56bfc062723c751e8b465ee728b)  -> (artifact id: '9f5a8de99f11b8da54ed4f0437ff8bcd') in 0.004729 seconds 
========================================================================
Received Import Request.
  Time since last request: 7.510169 seconds.
  path: Assets/Crimson/01 Scene
  artifactKey: Guid(fdb5035159743d3448dc96fe377bfbd9) Importer(815301076,1909f56bfc062723c751e8b465ee728b)
Start importing Assets/Crimson/01 Scene using Guid(fdb5035159743d3448dc96fe377bfbd9) Importer(815301076,1909f56bfc062723c751e8b465ee728b)  -> (artifact id: '779e80d75c95579a50df80300f5b1660') in 0.004375 seconds 
========================================================================
Received Import Request.
  Time since last request: 5.108536 seconds.
  path: Assets/Crimson/03 Prefabs
  artifactKey: Guid(588eb53ff1fa94446adb57ebc55fe46f) Importer(815301076,1909f56bfc062723c751e8b465ee728b)
Start importing Assets/Crimson/03 Prefabs using Guid(588eb53ff1fa94446adb57ebc55fe46f) Importer(815301076,1909f56bfc062723c751e8b465ee728b)  -> (artifact id: '003795f903ce4141c27a67f3bce44e99') in 0.006187 seconds 
========================================================================
Received Import Request.
  Time since last request: 5.440993 seconds.
  path: Assets/Crimson/Underwater_Theater_Environment.prefab
  artifactKey: Guid(064ca051d5e9ed64fbe120ab8f26caad) Importer(815301076,1909f56bfc062723c751e8b465ee728b)
Start importing Assets/Crimson/Underwater_Theater_Environment.prefab using Guid(064ca051d5e9ed64fbe120ab8f26caad) Importer(815301076,1909f56bfc062723c751e8b465ee728b)  -> (artifact id: '7e9b01d01d36b14ff671b44e2e321067') in 0.089098 seconds 
========================================================================
Received Import Request.
  Time since last request: 13.690900 seconds.
  path: Assets/Crimson/02 Scripts
  artifactKey: Guid(e5e15333ba5744646974f147098dd1df) Importer(815301076,1909f56bfc062723c751e8b465ee728b)
Start importing Assets/Crimson/02 Scripts using Guid(e5e15333ba5744646974f147098dd1df) Importer(815301076,1909f56bfc062723c751e8b465ee728b)  -> (artifact id: '29d84f8ea67eda2e3af2962651d5c099') in 0.006754 seconds 
========================================================================
Received Import Request.
  Time since last request: 5.842774 seconds.
  path: Assets/TutorialInfo/Scripts
  artifactKey: Guid(5a9bcd70e6a4b4b05badaa72e827d8e0) Importer(815301076,1909f56bfc062723c751e8b465ee728b)
Start importing Assets/TutorialInfo/Scripts using Guid(5a9bcd70e6a4b4b05badaa72e827d8e0) Importer(815301076,1909f56bfc062723c751e8b465ee728b)  -> (artifact id: 'bd40405b1c33fc38c3cf389a51b62526') in 0.008241 seconds 
========================================================================
Received Import Request.
  Time since last request: 8.633980 seconds.
  path: Assets/URP
  artifactKey: Guid(18187d507805ad84b8a63411c23958c3) Importer(815301076,1909f56bfc062723c751e8b465ee728b)
Start importing Assets/URP using Guid(18187d507805ad84b8a63411c23958c3) Importer(815301076,1909f56bfc062723c751e8b465ee728b)  -> (artifact id: 'db54df586857842ce9c16a8f01522449') in 0.005473 seconds 
========================================================================
Received Import Request.
  Time since last request: 41.562109 seconds.
  path: Assets/Crimson/04 Materials
  artifactKey: Guid(6e2b1fe9187548a47bdbffc544cb8172) Importer(815301076,1909f56bfc062723c751e8b465ee728b)
Start importing Assets/Crimson/04 Materials using Guid(6e2b1fe9187548a47bdbffc544cb8172) Importer(815301076,1909f56bfc062723c751e8b465ee728b)  -> (artifact id: '8a46059e608139118ddfd219d8b030f7') in 0.005731 seconds 
========================================================================
Received Import Request.
  Time since last request: 95.481331 seconds.
  path: Assets/Crimson/03 Prefabs/UnderwaterTheater Variant.prefab
  artifactKey: Guid(0e724f1ebd31b834990f9abf86b1e487) Importer(815301076,1909f56bfc062723c751e8b465ee728b)
Start importing Assets/Crimson/03 Prefabs/UnderwaterTheater Variant.prefab using Guid(0e724f1ebd31b834990f9abf86b1e487) Importer(815301076,1909f56bfc062723c751e8b465ee728b)  -> (artifact id: '5eccc86cf7ae8c05cf897b0fbcf434cc') in 0.036692 seconds 
========================================================================
Received Prepare
Registering precompiled user dll's ...
Registered in 0.003896 seconds.
Begin MonoManager ReloadAssembly
Symbol file LoadedFromMemory doesn't match image C:\Users\Crimson\Documents\Unity Projects\OperaVerse_UnderWater_Theater\Library\PackageCache\com.unity.visualscripting@1.7.8\Editor\VisualScripting.Core\Dependencies\YamlDotNet\Unity.VisualScripting.YamlDotNet.dll
Symbol file LoadedFromMemory doesn't match image C:\Users\Crimson\Documents\Unity Projects\OperaVerse_UnderWater_Theater\Library\PackageCache\com.unity.visualscripting@1.7.8\Editor\VisualScripting.Core\Dependencies\DotNetZip\Unity.VisualScripting.IonicZip.dll
Native extension for UWP target not found
Native extension for WindowsStandalone target not found
Native extension for iOS target not found
Native extension for Android target not found
Native extension for OSXStandalone target not found
Native extension for WebGL target not found
Refreshing native plugins compatible for Editor in 0.59 ms, found 5 plugins.
Preloading 0 native plugins for Editor in 0.00 ms.
Mono: successfully reloaded assembly
- Completed reload, in  1.411 seconds
Domain Reload Profiling:
	ReloadAssembly (1412ms)
		BeginReloadAssembly (208ms)
			ExecutionOrderSort (0ms)
			DisableScriptedObjects (4ms)
			BackupInstance (0ms)
			ReleaseScriptingObjects (0ms)
			CreateAndSetChildDomain (31ms)
		EndReloadAssembly (1093ms)
			LoadAssemblies (172ms)
			RebuildTransferFunctionScriptingTraits (0ms)
			SetupTypeCache (659ms)
			ReleaseScriptCaches (1ms)
			RebuildScriptCaches (25ms)
			SetupLoadedEditorAssemblies (248ms)
				LogAssemblyErrors (0ms)
				InitializePlatformSupportModulesInManaged (20ms)
				SetLoadedEditorAssemblies (0ms)
				RefreshPlugins (1ms)
				BeforeProcessingInitializeOnLoad (43ms)
				ProcessInitializeOnLoadAttributes (128ms)
				ProcessInitializeOnLoadMethodAttributes (52ms)
				AfterProcessingInitializeOnLoad (3ms)
				EditorAssembliesLoaded (0ms)
			ExecutionOrderSort2 (0ms)
			AwakeInstancesAfterBackupRestoration (13ms)
Platform modules already initialized, skipping
Refreshing native plugins compatible for Editor in 1.80 ms, found 5 plugins.
Preloading 0 native plugins for Editor in 0.00 ms.
Unloading 5044 Unused Serialized files (Serialized files now loaded: 0)
Unloading 37 unused Assets / (0.9 MB). Loaded Objects now: 5703.
Memory consumption went from 200.8 MB to 199.8 MB.
Total: 3.119200 ms (FindLiveObjects: 0.259900 ms CreateObjectMapping: 0.160700 ms MarkObjects: 2.412700 ms  DeleteObjects: 0.285100 ms)

AssetImportParameters requested are different than current active one (requested -> active):
  custom:video-decoder-ogg-theora: a1e56fd34408186e4bbccfd4996cb3dc -> 
  custom:container-muxer-webm: aa71ff27fc2769a1b78a27578f13a17b -> 
  custom:container-demuxer-webm: 4f35f7cbe854078d1ac9338744f61a02 -> 
  custom:video-encoder-webm-vp8: eb34c28f22e8b96e1ab97ce403110664 -> 
  custom:video-codec-MediaFoundation-h265: 746d11721c4dcdbdad8f713fa42b33f4 -> 
  custom:audio-encoder-webm-vorbis: bf7c407c2cedff20999df2af8eb42d56 -> 
  custom:framework-win-MediaFoundation: 216162199b28c13a410421893ffa2e32 -> 
  custom:container-demuxer-ogg: 62fdf1f143b41e24485cea50d1cbac27 -> 
  custom:video-decoder-webm-vp8: 9c59270c3fd7afecdb556c50c9e8de78 -> 
  custom:audio-decoder-ogg-vorbis: bf7c407c2cedff20999df2af8eb42d56 -> 
========================================================================
Received Prepare
Registering precompiled user dll's ...
Registered in 0.003470 seconds.
Begin MonoManager ReloadAssembly
Symbol file LoadedFromMemory doesn't match image C:\Users\Crimson\Documents\Unity Projects\OperaVerse_UnderWater_Theater\Library\PackageCache\com.unity.visualscripting@1.7.8\Editor\VisualScripting.Core\Dependencies\YamlDotNet\Unity.VisualScripting.YamlDotNet.dll
Symbol file LoadedFromMemory doesn't match image C:\Users\Crimson\Documents\Unity Projects\OperaVerse_UnderWater_Theater\Library\PackageCache\com.unity.visualscripting@1.7.8\Editor\VisualScripting.Core\Dependencies\DotNetZip\Unity.VisualScripting.IonicZip.dll
Native extension for UWP target not found
Native extension for WindowsStandalone target not found
Native extension for iOS target not found
Native extension for Android target not found
Native extension for OSXStandalone target not found
Native extension for WebGL target not found
Refreshing native plugins compatible for Editor in 0.73 ms, found 5 plugins.
Preloading 0 native plugins for Editor in 0.00 ms.
Mono: successfully reloaded assembly
- Completed reload, in  0.778 seconds
Domain Reload Profiling:
	ReloadAssembly (779ms)
		BeginReloadAssembly (94ms)
			ExecutionOrderSort (0ms)
			DisableScriptedObjects (3ms)
			BackupInstance (0ms)
			ReleaseScriptingObjects (0ms)
			CreateAndSetChildDomain (33ms)
		EndReloadAssembly (624ms)
			LoadAssemblies (53ms)
			RebuildTransferFunctionScriptingTraits (0ms)
			SetupTypeCache (174ms)
			ReleaseScriptCaches (2ms)
			RebuildScriptCaches (37ms)
			SetupLoadedEditorAssemblies (298ms)
				LogAssemblyErrors (0ms)
				InitializePlatformSupportModulesInManaged (27ms)
				SetLoadedEditorAssemblies (0ms)
				RefreshPlugins (1ms)
				BeforeProcessingInitializeOnLoad (51ms)
				ProcessInitializeOnLoadAttributes (149ms)
				ProcessInitializeOnLoadMethodAttributes (65ms)
				AfterProcessingInitializeOnLoad (3ms)
				EditorAssembliesLoaded (0ms)
			ExecutionOrderSort2 (0ms)
			AwakeInstancesAfterBackupRestoration (13ms)
Platform modules already initialized, skipping
Refreshing native plugins compatible for Editor in 1.76 ms, found 5 plugins.
Preloading 0 native plugins for Editor in 0.00 ms.
Unloading 5045 Unused Serialized files (Serialized files now loaded: 0)
Unloading 37 unused Assets / (0.9 MB). Loaded Objects now: 5706.
Memory consumption went from 200.8 MB to 199.9 MB.
Total: 2.941900 ms (FindLiveObjects: 0.297600 ms CreateObjectMapping: 0.188500 ms MarkObjects: 2.091500 ms  DeleteObjects: 0.363400 ms)

AssetImportParameters requested are different than current active one (requested -> active):
  custom:video-decoder-ogg-theora: a1e56fd34408186e4bbccfd4996cb3dc -> 
  custom:container-muxer-webm: aa71ff27fc2769a1b78a27578f13a17b -> 
  custom:container-demuxer-webm: 4f35f7cbe854078d1ac9338744f61a02 -> 
  custom:video-encoder-webm-vp8: eb34c28f22e8b96e1ab97ce403110664 -> 
  custom:video-codec-MediaFoundation-h265: 746d11721c4dcdbdad8f713fa42b33f4 -> 
  custom:audio-encoder-webm-vorbis: bf7c407c2cedff20999df2af8eb42d56 -> 
  custom:framework-win-MediaFoundation: 216162199b28c13a410421893ffa2e32 -> 
  custom:container-demuxer-ogg: 62fdf1f143b41e24485cea50d1cbac27 -> 
  custom:video-decoder-webm-vp8: 9c59270c3fd7afecdb556c50c9e8de78 -> 
  custom:audio-decoder-ogg-vorbis: bf7c407c2cedff20999df2af8eb42d56 -> 
========================================================================
Received Import Request.
  Time since last request: 6401.321986 seconds.
  path: ProjectSettings/TagManager.asset
  artifactKey: Guid(00000000000000003000000000000000) Importer(815301076,1909f56bfc062723c751e8b465ee728b)
Start importing ProjectSettings/TagManager.asset using Guid(00000000000000003000000000000000) Importer(815301076,1909f56bfc062723c751e8b465ee728b)  -> (artifact id: 'c71ef3d37d41a84f7302deacd7bba084') in 0.028238 seconds 
========================================================================
Received Prepare
Registering precompiled user dll's ...
Registered in 0.003689 seconds.
Begin MonoManager ReloadAssembly
Symbol file LoadedFromMemory doesn't match image C:\Users\Crimson\Documents\Unity Projects\OperaVerse_UnderWater_Theater\Library\PackageCache\com.unity.visualscripting@1.7.8\Editor\VisualScripting.Core\Dependencies\YamlDotNet\Unity.VisualScripting.YamlDotNet.dll
Symbol file LoadedFromMemory doesn't match image C:\Users\Crimson\Documents\Unity Projects\OperaVerse_UnderWater_Theater\Library\PackageCache\com.unity.visualscripting@1.7.8\Editor\VisualScripting.Core\Dependencies\DotNetZip\Unity.VisualScripting.IonicZip.dll
Native extension for UWP target not found
Native extension for WindowsStandalone target not found
Native extension for iOS target not found
Native extension for Android target not found
Native extension for OSXStandalone target not found
Native extension for WebGL target not found
Refreshing native plugins compatible for Editor in 0.69 ms, found 5 plugins.
Preloading 0 native plugins for Editor in 0.00 ms.
Mono: successfully reloaded assembly
- Completed reload, in  0.714 seconds
Domain Reload Profiling:
	ReloadAssembly (714ms)
		BeginReloadAssembly (86ms)
			ExecutionOrderSort (0ms)
			DisableScriptedObjects (4ms)
			BackupInstance (0ms)
			ReleaseScriptingObjects (0ms)
			CreateAndSetChildDomain (28ms)
		EndReloadAssembly (570ms)
			LoadAssemblies (50ms)
			RebuildTransferFunctionScriptingTraits (0ms)
			SetupTypeCache (157ms)
			ReleaseScriptCaches (2ms)
			RebuildScriptCaches (26ms)
			SetupLoadedEditorAssemblies (276ms)
				LogAssemblyErrors (0ms)
				InitializePlatformSupportModulesInManaged (23ms)
				SetLoadedEditorAssemblies (0ms)
				RefreshPlugins (1ms)
				BeforeProcessingInitializeOnLoad (48ms)
				ProcessInitializeOnLoadAttributes (144ms)
				ProcessInitializeOnLoadMethodAttributes (57ms)
				AfterProcessingInitializeOnLoad (3ms)
				EditorAssembliesLoaded (0ms)
			ExecutionOrderSort2 (0ms)
			AwakeInstancesAfterBackupRestoration (12ms)
Platform modules already initialized, skipping
Refreshing native plugins compatible for Editor in 2.19 ms, found 5 plugins.
Preloading 0 native plugins for Editor in 0.00 ms.
Unloading 5045 Unused Serialized files (Serialized files now loaded: 0)
Unloading 38 unused Assets / (0.9 MB). Loaded Objects now: 5709.
Memory consumption went from 200.9 MB to 199.9 MB.
Total: 2.885600 ms (FindLiveObjects: 0.279300 ms CreateObjectMapping: 0.169700 ms MarkObjects: 2.040900 ms  DeleteObjects: 0.394600 ms)

AssetImportParameters requested are different than current active one (requested -> active):
  custom:video-decoder-ogg-theora: a1e56fd34408186e4bbccfd4996cb3dc -> 
  custom:container-muxer-webm: aa71ff27fc2769a1b78a27578f13a17b -> 
  custom:container-demuxer-webm: 4f35f7cbe854078d1ac9338744f61a02 -> 
  custom:video-encoder-webm-vp8: eb34c28f22e8b96e1ab97ce403110664 -> 
  custom:video-codec-MediaFoundation-h265: 746d11721c4dcdbdad8f713fa42b33f4 -> 
  custom:audio-encoder-webm-vorbis: bf7c407c2cedff20999df2af8eb42d56 -> 
  custom:framework-win-MediaFoundation: 216162199b28c13a410421893ffa2e32 -> 
  custom:container-demuxer-ogg: 62fdf1f143b41e24485cea50d1cbac27 -> 
  custom:video-decoder-webm-vp8: 9c59270c3fd7afecdb556c50c9e8de78 -> 
  custom:audio-decoder-ogg-vorbis: bf7c407c2cedff20999df2af8eb42d56 -> 
========================================================================
Received Import Request.
  Time since last request: 4828.995158 seconds.
  path: Assets/Crimson/05 Audio
  artifactKey: Guid(6d424d0979e7c2f4d9fdcc0b5627248f) Importer(815301076,1909f56bfc062723c751e8b465ee728b)
Start importing Assets/Crimson/05 Audio using Guid(6d424d0979e7c2f4d9fdcc0b5627248f) Importer(815301076,1909f56bfc062723c751e8b465ee728b)  -> (artifact id: '8a0437f45341ee600f62b960e6147f77') in 0.122546 seconds 
========================================================================
Received Prepare
Registering precompiled user dll's ...
Registered in 0.003682 seconds.
Begin MonoManager ReloadAssembly
Symbol file LoadedFromMemory doesn't match image C:\Users\Crimson\Documents\Unity Projects\OperaVerse_UnderWater_Theater\Library\PackageCache\com.unity.visualscripting@1.7.8\Editor\VisualScripting.Core\Dependencies\YamlDotNet\Unity.VisualScripting.YamlDotNet.dll
Symbol file LoadedFromMemory doesn't match image C:\Users\Crimson\Documents\Unity Projects\OperaVerse_UnderWater_Theater\Library\PackageCache\com.unity.visualscripting@1.7.8\Editor\VisualScripting.Core\Dependencies\DotNetZip\Unity.VisualScripting.IonicZip.dll
Native extension for UWP target not found
Native extension for WindowsStandalone target not found
Native extension for iOS target not found
Native extension for Android target not found
Native extension for OSXStandalone target not found
Native extension for WebGL target not found
Refreshing native plugins compatible for Editor in 0.67 ms, found 5 plugins.
Preloading 0 native plugins for Editor in 0.00 ms.
Mono: successfully reloaded assembly
- Completed reload, in  0.833 seconds
Domain Reload Profiling:
	ReloadAssembly (834ms)
		BeginReloadAssembly (158ms)
			ExecutionOrderSort (0ms)
			DisableScriptedObjects (11ms)
			BackupInstance (0ms)
			ReleaseScriptingObjects (0ms)
			CreateAndSetChildDomain (71ms)
		EndReloadAssembly (615ms)
			LoadAssemblies (68ms)
			RebuildTransferFunctionScriptingTraits (0ms)
			SetupTypeCache (187ms)
			ReleaseScriptCaches (2ms)
			RebuildScriptCaches (30ms)
			SetupLoadedEditorAssemblies (280ms)
				LogAssemblyErrors (0ms)
				InitializePlatformSupportModulesInManaged (24ms)
				SetLoadedEditorAssemblies (0ms)
				RefreshPlugins (1ms)
				BeforeProcessingInitializeOnLoad (48ms)
				ProcessInitializeOnLoadAttributes (146ms)
				ProcessInitializeOnLoadMethodAttributes (58ms)
				AfterProcessingInitializeOnLoad (3ms)
				EditorAssembliesLoaded (0ms)
			ExecutionOrderSort2 (0ms)
			AwakeInstancesAfterBackupRestoration (13ms)
Platform modules already initialized, skipping
Refreshing native plugins compatible for Editor in 2.84 ms, found 5 plugins.
Preloading 0 native plugins for Editor in 0.00 ms.
Unloading 5045 Unused Serialized files (Serialized files now loaded: 0)
Unloading 37 unused Assets / (0.9 MB). Loaded Objects now: 5712.
Memory consumption went from 200.9 MB to 199.9 MB.
Total: 3.973400 ms (FindLiveObjects: 0.321900 ms CreateObjectMapping: 0.248900 ms MarkObjects: 2.871000 ms  DeleteObjects: 0.530500 ms)

AssetImportParameters requested are different than current active one (requested -> active):
  custom:video-decoder-ogg-theora: a1e56fd34408186e4bbccfd4996cb3dc -> 
  custom:container-muxer-webm: aa71ff27fc2769a1b78a27578f13a17b -> 
  custom:container-demuxer-webm: 4f35f7cbe854078d1ac9338744f61a02 -> 
  custom:video-encoder-webm-vp8: eb34c28f22e8b96e1ab97ce403110664 -> 
  custom:video-codec-MediaFoundation-h265: 746d11721c4dcdbdad8f713fa42b33f4 -> 
  custom:audio-encoder-webm-vorbis: bf7c407c2cedff20999df2af8eb42d56 -> 
  custom:framework-win-MediaFoundation: 216162199b28c13a410421893ffa2e32 -> 
  custom:container-demuxer-ogg: 62fdf1f143b41e24485cea50d1cbac27 -> 
  custom:video-decoder-webm-vp8: 9c59270c3fd7afecdb556c50c9e8de78 -> 
  custom:audio-decoder-ogg-vorbis: bf7c407c2cedff20999df2af8eb42d56 -> 
========================================================================
Received Prepare
Registering precompiled user dll's ...
Registered in 0.005207 seconds.
Begin MonoManager ReloadAssembly
Symbol file LoadedFromMemory doesn't match image C:\Users\Crimson\Documents\Unity Projects\OperaVerse_UnderWater_Theater\Library\PackageCache\com.unity.visualscripting@1.7.8\Editor\VisualScripting.Core\Dependencies\YamlDotNet\Unity.VisualScripting.YamlDotNet.dll
Symbol file LoadedFromMemory doesn't match image C:\Users\Crimson\Documents\Unity Projects\OperaVerse_UnderWater_Theater\Library\PackageCache\com.unity.visualscripting@1.7.8\Editor\VisualScripting.Core\Dependencies\DotNetZip\Unity.VisualScripting.IonicZip.dll
Native extension for UWP target not found
Native extension for WindowsStandalone target not found
Native extension for iOS target not found
Native extension for Android target not found
Native extension for OSXStandalone target not found
Native extension for WebGL target not found
Refreshing native plugins compatible for Editor in 0.69 ms, found 5 plugins.
Preloading 0 native plugins for Editor in 0.00 ms.
Mono: successfully reloaded assembly
- Completed reload, in  0.732 seconds
Domain Reload Profiling:
	ReloadAssembly (733ms)
		BeginReloadAssembly (85ms)
			ExecutionOrderSort (0ms)
			DisableScriptedObjects (3ms)
			BackupInstance (0ms)
			ReleaseScriptingObjects (0ms)
			CreateAndSetChildDomain (27ms)
		EndReloadAssembly (579ms)
			LoadAssemblies (52ms)
			RebuildTransferFunctionScriptingTraits (0ms)
			SetupTypeCache (159ms)
			ReleaseScriptCaches (2ms)
			RebuildScriptCaches (31ms)
			SetupLoadedEditorAssemblies (279ms)
				LogAssemblyErrors (0ms)
				InitializePlatformSupportModulesInManaged (28ms)
				SetLoadedEditorAssemblies (0ms)
				RefreshPlugins (1ms)
				BeforeProcessingInitializeOnLoad (48ms)
				ProcessInitializeOnLoadAttributes (143ms)
				ProcessInitializeOnLoadMethodAttributes (56ms)
				AfterProcessingInitializeOnLoad (3ms)
				EditorAssembliesLoaded (0ms)
			ExecutionOrderSort2 (0ms)
			AwakeInstancesAfterBackupRestoration (12ms)
Platform modules already initialized, skipping
Refreshing native plugins compatible for Editor in 2.77 ms, found 5 plugins.
Preloading 0 native plugins for Editor in 0.00 ms.
Unloading 5045 Unused Serialized files (Serialized files now loaded: 0)
Unloading 37 unused Assets / (0.9 MB). Loaded Objects now: 5715.
Memory consumption went from 200.7 MB to 199.8 MB.
Total: 2.828700 ms (FindLiveObjects: 0.271200 ms CreateObjectMapping: 0.159000 ms MarkObjects: 2.054000 ms  DeleteObjects: 0.343500 ms)

AssetImportParameters requested are different than current active one (requested -> active):
  custom:video-decoder-ogg-theora: a1e56fd34408186e4bbccfd4996cb3dc -> 
  custom:container-muxer-webm: aa71ff27fc2769a1b78a27578f13a17b -> 
  custom:container-demuxer-webm: 4f35f7cbe854078d1ac9338744f61a02 -> 
  custom:video-encoder-webm-vp8: eb34c28f22e8b96e1ab97ce403110664 -> 
  custom:video-codec-MediaFoundation-h265: 746d11721c4dcdbdad8f713fa42b33f4 -> 
  custom:audio-encoder-webm-vorbis: bf7c407c2cedff20999df2af8eb42d56 -> 
  custom:framework-win-MediaFoundation: 216162199b28c13a410421893ffa2e32 -> 
  custom:container-demuxer-ogg: 62fdf1f143b41e24485cea50d1cbac27 -> 
  custom:video-decoder-webm-vp8: 9c59270c3fd7afecdb556c50c9e8de78 -> 
  custom:audio-decoder-ogg-vorbis: bf7c407c2cedff20999df2af8eb42d56 -> 
========================================================================
Received Prepare
Registering precompiled user dll's ...
Registered in 0.004862 seconds.
Begin MonoManager ReloadAssembly
Symbol file LoadedFromMemory doesn't match image C:\Users\Crimson\Documents\Unity Projects\OperaVerse_UnderWater_Theater\Library\PackageCache\com.unity.visualscripting@1.7.8\Editor\VisualScripting.Core\Dependencies\YamlDotNet\Unity.VisualScripting.YamlDotNet.dll
Symbol file LoadedFromMemory doesn't match image C:\Users\Crimson\Documents\Unity Projects\OperaVerse_UnderWater_Theater\Library\PackageCache\com.unity.visualscripting@1.7.8\Editor\VisualScripting.Core\Dependencies\DotNetZip\Unity.VisualScripting.IonicZip.dll
Native extension for UWP target not found
Native extension for WindowsStandalone target not found
Native extension for iOS target not found
Native extension for Android target not found
Native extension for OSXStandalone target not found
Native extension for WebGL target not found
Refreshing native plugins compatible for Editor in 0.83 ms, found 5 plugins.
Preloading 0 native plugins for Editor in 0.00 ms.
Mono: successfully reloaded assembly
- Completed reload, in  0.715 seconds
Domain Reload Profiling:
	ReloadAssembly (715ms)
		BeginReloadAssembly (86ms)
			ExecutionOrderSort (0ms)
			DisableScriptedObjects (3ms)
			BackupInstance (0ms)
			ReleaseScriptingObjects (0ms)
			CreateAndSetChildDomain (29ms)
		EndReloadAssembly (572ms)
			LoadAssemblies (49ms)
			RebuildTransferFunctionScriptingTraits (0ms)
			SetupTypeCache (157ms)
			ReleaseScriptCaches (2ms)
			RebuildScriptCaches (26ms)
			SetupLoadedEditorAssemblies (280ms)
				LogAssemblyErrors (0ms)
				InitializePlatformSupportModulesInManaged (22ms)
				SetLoadedEditorAssemblies (0ms)
				RefreshPlugins (1ms)
				BeforeProcessingInitializeOnLoad (51ms)
				ProcessInitializeOnLoadAttributes (144ms)
				ProcessInitializeOnLoadMethodAttributes (58ms)
				AfterProcessingInitializeOnLoad (3ms)
				EditorAssembliesLoaded (0ms)
			ExecutionOrderSort2 (0ms)
			AwakeInstancesAfterBackupRestoration (12ms)
Platform modules already initialized, skipping
Refreshing native plugins compatible for Editor in 1.69 ms, found 5 plugins.
Preloading 0 native plugins for Editor in 0.00 ms.
Unloading 5045 Unused Serialized files (Serialized files now loaded: 0)
Unloading 37 unused Assets / (0.9 MB). Loaded Objects now: 5718.
Memory consumption went from 200.9 MB to 200.0 MB.
Total: 2.856300 ms (FindLiveObjects: 0.272500 ms CreateObjectMapping: 0.161900 ms MarkObjects: 2.082000 ms  DeleteObjects: 0.338700 ms)

AssetImportParameters requested are different than current active one (requested -> active):
  custom:video-decoder-ogg-theora: a1e56fd34408186e4bbccfd4996cb3dc -> 
  custom:container-muxer-webm: aa71ff27fc2769a1b78a27578f13a17b -> 
  custom:container-demuxer-webm: 4f35f7cbe854078d1ac9338744f61a02 -> 
  custom:video-encoder-webm-vp8: eb34c28f22e8b96e1ab97ce403110664 -> 
  custom:video-codec-MediaFoundation-h265: 746d11721c4dcdbdad8f713fa42b33f4 -> 
  custom:audio-encoder-webm-vorbis: bf7c407c2cedff20999df2af8eb42d56 -> 
  custom:framework-win-MediaFoundation: 216162199b28c13a410421893ffa2e32 -> 
  custom:container-demuxer-ogg: 62fdf1f143b41e24485cea50d1cbac27 -> 
  custom:video-decoder-webm-vp8: 9c59270c3fd7afecdb556c50c9e8de78 -> 
  custom:audio-decoder-ogg-vorbis: bf7c407c2cedff20999df2af8eb42d56 -> 
========================================================================
Received Import Request.
  Time since last request: 249.925280 seconds.
  path: Assets/Crimson/05 Audio/EditedLaurenSinging.wav
  artifactKey: Guid(d344ed26929d7114d97fd511762ee8a9) Importer(815301076,1909f56bfc062723c751e8b465ee728b)
Start importing Assets/Crimson/05 Audio/EditedLaurenSinging.wav using Guid(d344ed26929d7114d97fd511762ee8a9) Importer(815301076,1909f56bfc062723c751e8b465ee728b)  -> (artifact id: '4db4604a8537a8d3d9e93642af15ecee') in 0.111232 seconds 
========================================================================
Received Prepare
Registering precompiled user dll's ...
Registered in 0.005170 seconds.
Begin MonoManager ReloadAssembly
Symbol file LoadedFromMemory doesn't match image C:\Users\Crimson\Documents\Unity Projects\OperaVerse_UnderWater_Theater\Library\PackageCache\com.unity.visualscripting@1.7.8\Editor\VisualScripting.Core\Dependencies\YamlDotNet\Unity.VisualScripting.YamlDotNet.dll
Symbol file LoadedFromMemory doesn't match image C:\Users\Crimson\Documents\Unity Projects\OperaVerse_UnderWater_Theater\Library\PackageCache\com.unity.visualscripting@1.7.8\Editor\VisualScripting.Core\Dependencies\DotNetZip\Unity.VisualScripting.IonicZip.dll
Native extension for UWP target not found
Native extension for WindowsStandalone target not found
Native extension for iOS target not found
Native extension for Android target not found
Native extension for OSXStandalone target not found
Native extension for WebGL target not found
Refreshing native plugins compatible for Editor in 1.04 ms, found 5 plugins.
Preloading 0 native plugins for Editor in 0.00 ms.
Mono: successfully reloaded assembly
- Completed reload, in  0.728 seconds
Domain Reload Profiling:
	ReloadAssembly (728ms)
		BeginReloadAssembly (88ms)
			ExecutionOrderSort (0ms)
			DisableScriptedObjects (3ms)
			BackupInstance (0ms)
			ReleaseScriptingObjects (0ms)
			CreateAndSetChildDomain (32ms)
		EndReloadAssembly (579ms)
			LoadAssemblies (50ms)
			RebuildTransferFunctionScriptingTraits (0ms)
			SetupTypeCache (161ms)
			ReleaseScriptCaches (2ms)
			RebuildScriptCaches (29ms)
			SetupLoadedEditorAssemblies (281ms)
				LogAssemblyErrors (0ms)
				InitializePlatformSupportModulesInManaged (26ms)
				SetLoadedEditorAssemblies (1ms)
				RefreshPlugins (1ms)
				BeforeProcessingInitializeOnLoad (49ms)
				ProcessInitializeOnLoadAttributes (144ms)
				ProcessInitializeOnLoadMethodAttributes (57ms)
				AfterProcessingInitializeOnLoad (3ms)
				EditorAssembliesLoaded (0ms)
			ExecutionOrderSort2 (0ms)
			AwakeInstancesAfterBackupRestoration (12ms)
Platform modules already initialized, skipping
Refreshing native plugins compatible for Editor in 1.72 ms, found 5 plugins.
Preloading 0 native plugins for Editor in 0.00 ms.
Unloading 5045 Unused Serialized files (Serialized files now loaded: 0)
Unloading 37 unused Assets / (0.9 MB). Loaded Objects now: 5723.
Memory consumption went from 201.0 MB to 200.0 MB.
Total: 2.822100 ms (FindLiveObjects: 0.276400 ms CreateObjectMapping: 0.212300 ms MarkObjects: 1.992600 ms  DeleteObjects: 0.339900 ms)

AssetImportParameters requested are different than current active one (requested -> active):
  custom:video-decoder-ogg-theora: a1e56fd34408186e4bbccfd4996cb3dc -> 
  custom:container-muxer-webm: aa71ff27fc2769a1b78a27578f13a17b -> 
  custom:container-demuxer-webm: 4f35f7cbe854078d1ac9338744f61a02 -> 
  custom:video-encoder-webm-vp8: eb34c28f22e8b96e1ab97ce403110664 -> 
  custom:video-codec-MediaFoundation-h265: 746d11721c4dcdbdad8f713fa42b33f4 -> 
  custom:audio-encoder-webm-vorbis: bf7c407c2cedff20999df2af8eb42d56 -> 
  custom:framework-win-MediaFoundation: 216162199b28c13a410421893ffa2e32 -> 
  custom:container-demuxer-ogg: 62fdf1f143b41e24485cea50d1cbac27 -> 
  custom:video-decoder-webm-vp8: 9c59270c3fd7afecdb556c50c9e8de78 -> 
  custom:audio-decoder-ogg-vorbis: bf7c407c2cedff20999df2af8eb42d56 -> 
