Using pre-set license
Built from '2021.3/staging' branch; Version is '2021.3.4f1 (cb45f9cae8b7) revision 13321721'; Using compiler version '192829333'; Build Type 'Release'
OS: 'Windows 10  (10.0.19044) 64bit Core' Language: 'en' Physical Memory: 32695 MB
BatchMode: 1, IsHumanControllingUs: 0, StartBugReporterOnCrash: 0, Is64bit: 1, IsPro: 1

COMMAND LINE ARGUMENTS:
D:\Program Files\Unity\Editors\2021.3.4f1\Editor\Unity.exe
-adb2
-batchMode
-noUpm
-name
AssetImportWorker1
-projectPath
D:/Crimson Project/OperaVerse/OperaVerse_UnderWater_Theater
-logFile
Logs/AssetImportWorker1.log
-srvPort
60720
Successfully changed project path to: D:/Crimson Project/OperaVerse/OperaVerse_UnderWater_Theater
D:/Crimson Project/OperaVerse/OperaVerse_UnderWater_Theater
[UnityMemory] Configuration Parameters - Can be set up in boot.config
    "memorysetup-bucket-allocator-granularity=16"
    "memorysetup-bucket-allocator-bucket-count=8"
    "memorysetup-bucket-allocator-block-size=33554432"
    "memorysetup-bucket-allocator-block-count=8"
    "memorysetup-main-allocator-block-size=16777216"
    "memorysetup-thread-allocator-block-size=16777216"
    "memorysetup-gfx-main-allocator-block-size=16777216"
    "memorysetup-gfx-thread-allocator-block-size=16777216"
    "memorysetup-cache-allocator-block-size=4194304"
    "memorysetup-typetree-allocator-block-size=2097152"
    "memorysetup-profiler-bucket-allocator-granularity=16"
    "memorysetup-profiler-bucket-allocator-bucket-count=8"
    "memorysetup-profiler-bucket-allocator-block-size=33554432"
    "memorysetup-profiler-bucket-allocator-block-count=8"
    "memorysetup-profiler-allocator-block-size=16777216"
    "memorysetup-profiler-editor-allocator-block-size=1048576"
    "memorysetup-temp-allocator-size-main=16777216"
    "memorysetup-job-temp-allocator-block-size=2097152"
    "memorysetup-job-temp-allocator-block-size-background=1048576"
    "memorysetup-job-temp-allocator-reduction-small-platforms=262144"
    "memorysetup-temp-allocator-size-background-worker=32768"
    "memorysetup-temp-allocator-size-job-worker=262144"
    "memorysetup-temp-allocator-size-preload-manager=33554432"
    "memorysetup-temp-allocator-size-nav-mesh-worker=65536"
    "memorysetup-temp-allocator-size-audio-worker=65536"
    "memorysetup-temp-allocator-size-cloud-worker=32768"
    "memorysetup-temp-allocator-size-gi-baking-worker=262144"
    "memorysetup-temp-allocator-size-gfx=262144"
Refreshing native plugins compatible for Editor in 113.11 ms, found 5 plugins.
Preloading 0 native plugins for Editor in 0.00 ms.
Initialize engine version: 2021.3.4f1 (cb45f9cae8b7)
[Subsystems] Discovering subsystems at path D:/Program Files/Unity/Editors/2021.3.4f1/Editor/Data/Resources/UnitySubsystems
[Subsystems] Discovering subsystems at path D:/Crimson Project/OperaVerse/OperaVerse_UnderWater_Theater/Assets
GfxDevice: creating device client; threaded=0; jobified=0
Direct3D:
    Version:  Direct3D 11.0 [level 11.1]
    Renderer: NVIDIA GeForce GTX 1080 (ID=0x1b80)
    Vendor:   NVIDIA
    VRAM:     8079 MB
    Driver:   30.0.15.1215
Initialize mono
Mono path[0] = 'D:/Program Files/Unity/Editors/2021.3.4f1/Editor/Data/Managed'
Mono path[1] = 'D:/Program Files/Unity/Editors/2021.3.4f1/Editor/Data/MonoBleedingEdge/lib/mono/unityjit-win32'
Mono config path = 'D:/Program Files/Unity/Editors/2021.3.4f1/Editor/Data/MonoBleedingEdge/etc'
Using monoOptions --debugger-agent=transport=dt_socket,embedding=1,server=y,suspend=n,address=127.0.0.1:56328
Begin MonoManager ReloadAssembly
Registering precompiled unity dll's ...
Register platform support module: D:/Program Files/Unity/Editors/2021.3.4f1/Editor/Data/PlaybackEngines/WindowsStandaloneSupport/UnityEditor.WindowsStandalone.Extensions.dll
Registered in 0.003185 seconds.
Native extension for WindowsStandalone target not found
Refreshing native plugins compatible for Editor in 109.22 ms, found 5 plugins.
Preloading 0 native plugins for Editor in 0.00 ms.
Mono: successfully reloaded assembly
- Completed reload, in  0.669 seconds
Domain Reload Profiling:
	ReloadAssembly (670ms)
		BeginReloadAssembly (93ms)
			ExecutionOrderSort (0ms)
			DisableScriptedObjects (0ms)
			BackupInstance (0ms)
			ReleaseScriptingObjects (0ms)
			CreateAndSetChildDomain (1ms)
		EndReloadAssembly (465ms)
			LoadAssemblies (93ms)
			RebuildTransferFunctionScriptingTraits (0ms)
			SetupTypeCache (105ms)
			ReleaseScriptCaches (0ms)
			RebuildScriptCaches (29ms)
			SetupLoadedEditorAssemblies (284ms)
				LogAssemblyErrors (0ms)
				InitializePlatformSupportModulesInManaged (7ms)
				SetLoadedEditorAssemblies (0ms)
				RefreshPlugins (109ms)
				BeforeProcessingInitializeOnLoad (1ms)
				ProcessInitializeOnLoadAttributes (126ms)
				ProcessInitializeOnLoadMethodAttributes (40ms)
				AfterProcessingInitializeOnLoad (0ms)
				EditorAssembliesLoaded (0ms)
			ExecutionOrderSort2 (0ms)
			AwakeInstancesAfterBackupRestoration (0ms)
Platform modules already initialized, skipping
Registering precompiled user dll's ...
Registered in 0.007656 seconds.
Begin MonoManager ReloadAssembly
Symbol file LoadedFromMemory doesn't match image D:\Crimson Project\OperaVerse\OperaVerse_UnderWater_Theater\Library\PackageCache\com.unity.visualscripting@1.7.8\Editor\VisualScripting.Core\Dependencies\YamlDotNet\Unity.VisualScripting.YamlDotNet.dll
Symbol file LoadedFromMemory doesn't match image D:\Crimson Project\OperaVerse\OperaVerse_UnderWater_Theater\Library\PackageCache\com.unity.visualscripting@1.7.8\Editor\VisualScripting.Core\Dependencies\DotNetZip\Unity.VisualScripting.IonicZip.dll
Native extension for WindowsStandalone target not found
Refreshing native plugins compatible for Editor in 100.70 ms, found 5 plugins.
Preloading 0 native plugins for Editor in 0.00 ms.
Mono: successfully reloaded assembly
- Completed reload, in  4.345 seconds
Domain Reload Profiling:
	ReloadAssembly (4346ms)
		BeginReloadAssembly (3241ms)
			ExecutionOrderSort (0ms)
			DisableScriptedObjects (6ms)
			BackupInstance (0ms)
			ReleaseScriptingObjects (0ms)
			CreateAndSetChildDomain (24ms)
		EndReloadAssembly (983ms)
			LoadAssemblies (3217ms)
			RebuildTransferFunctionScriptingTraits (0ms)
			SetupTypeCache (259ms)
			ReleaseScriptCaches (1ms)
			RebuildScriptCaches (57ms)
			SetupLoadedEditorAssemblies (542ms)
				LogAssemblyErrors (0ms)
				InitializePlatformSupportModulesInManaged (3ms)
				SetLoadedEditorAssemblies (0ms)
				RefreshPlugins (101ms)
				BeforeProcessingInitializeOnLoad (105ms)
				ProcessInitializeOnLoadAttributes (246ms)
				ProcessInitializeOnLoadMethodAttributes (83ms)
				AfterProcessingInitializeOnLoad (3ms)
				EditorAssembliesLoaded (0ms)
			ExecutionOrderSort2 (0ms)
			AwakeInstancesAfterBackupRestoration (5ms)
Platform modules already initialized, skipping
========================================================================
Worker process is ready to serve import requests
Launched and connected shader compiler UnityShaderCompiler.exe after 0.05 seconds
Refreshing native plugins compatible for Editor in 1.40 ms, found 5 plugins.
Preloading 0 native plugins for Editor in 0.00 ms.
Unloading 5162 Unused Serialized files (Serialized files now loaded: 0)
Unloading 37 unused Assets / (0.7 MB). Loaded Objects now: 5613.
Memory consumption went from 201.6 MB to 200.9 MB.
Total: 5.441400 ms (FindLiveObjects: 0.801100 ms CreateObjectMapping: 0.708800 ms MarkObjects: 3.509000 ms  DeleteObjects: 0.421200 ms)

AssetImportParameters requested are different than current active one (requested -> active):
  custom:video-decoder-ogg-theora: a1e56fd34408186e4bbccfd4996cb3dc -> 
  custom:container-muxer-webm: aa71ff27fc2769a1b78a27578f13a17b -> 
  custom:container-demuxer-webm: 4f35f7cbe854078d1ac9338744f61a02 -> 
  custom:video-encoder-webm-vp8: eb34c28f22e8b96e1ab97ce403110664 -> 
  custom:audio-encoder-webm-vorbis: bf7c407c2cedff20999df2af8eb42d56 -> 
  custom:framework-win-MediaFoundation: 216162199b28c13a410421893ffa2e32 -> 
  custom:container-demuxer-ogg: 62fdf1f143b41e24485cea50d1cbac27 -> 
  custom:video-decoder-webm-vp8: 9c59270c3fd7afecdb556c50c9e8de78 -> 
  custom:audio-decoder-ogg-vorbis: bf7c407c2cedff20999df2af8eb42d56 -> 
========================================================================
Received Import Request.
  Time since last request: 525331.179706 seconds.
  path: Assets/Crimson/01 Scene/Underwater_Theater_360_Video.unity
  artifactKey: Guid(afda5fa3c9240f9469915b6aa73e8d6b) Importer(815301076,1909f56bfc062723c751e8b465ee728b)
Start importing Assets/Crimson/01 Scene/Underwater_Theater_360_Video.unity using Guid(afda5fa3c9240f9469915b6aa73e8d6b) Importer(815301076,1909f56bfc062723c751e8b465ee728b)  -> (artifact id: 'd047f2c35abcc7c80f608e7fe128fc19') in 0.011777 seconds 
========================================================================
Received Prepare
Registering precompiled user dll's ...
Registered in 0.007180 seconds.
Begin MonoManager ReloadAssembly
Symbol file LoadedFromMemory doesn't match image D:\Crimson Project\OperaVerse\OperaVerse_UnderWater_Theater\Library\PackageCache\com.unity.visualscripting@1.7.8\Editor\VisualScripting.Core\Dependencies\YamlDotNet\Unity.VisualScripting.YamlDotNet.dll
Symbol file LoadedFromMemory doesn't match image D:\Crimson Project\OperaVerse\OperaVerse_UnderWater_Theater\Library\PackageCache\com.unity.visualscripting@1.7.8\Editor\VisualScripting.Core\Dependencies\DotNetZip\Unity.VisualScripting.IonicZip.dll
Native extension for WindowsStandalone target not found
Refreshing native plugins compatible for Editor in 1.49 ms, found 5 plugins.
Preloading 0 native plugins for Editor in 0.00 ms.
Mono: successfully reloaded assembly
- Completed reload, in  1.118 seconds
Domain Reload Profiling:
	ReloadAssembly (1118ms)
		BeginReloadAssembly (149ms)
			ExecutionOrderSort (0ms)
			DisableScriptedObjects (7ms)
			BackupInstance (0ms)
			ReleaseScriptingObjects (0ms)
			CreateAndSetChildDomain (41ms)
		EndReloadAssembly (876ms)
			LoadAssemblies (112ms)
			RebuildTransferFunctionScriptingTraits (0ms)
			SetupTypeCache (282ms)
			ReleaseScriptCaches (2ms)
			RebuildScriptCaches (47ms)
			SetupLoadedEditorAssemblies (405ms)
				LogAssemblyErrors (0ms)
				InitializePlatformSupportModulesInManaged (15ms)
				SetLoadedEditorAssemblies (1ms)
				RefreshPlugins (2ms)
				BeforeProcessingInitializeOnLoad (82ms)
				ProcessInitializeOnLoadAttributes (227ms)
				ProcessInitializeOnLoadMethodAttributes (75ms)
				AfterProcessingInitializeOnLoad (3ms)
				EditorAssembliesLoaded (0ms)
			ExecutionOrderSort2 (0ms)
			AwakeInstancesAfterBackupRestoration (16ms)
Platform modules already initialized, skipping
Refreshing native plugins compatible for Editor in 2.85 ms, found 5 plugins.
Preloading 0 native plugins for Editor in 0.00 ms.
Unloading 5030 Unused Serialized files (Serialized files now loaded: 0)
Unloading 30 unused Assets / (0.7 MB). Loaded Objects now: 5616.
Memory consumption went from 192.4 MB to 191.7 MB.
Total: 3.618700 ms (FindLiveObjects: 0.456200 ms CreateObjectMapping: 0.462100 ms MarkObjects: 2.336200 ms  DeleteObjects: 0.362800 ms)

AssetImportParameters requested are different than current active one (requested -> active):
  custom:video-decoder-ogg-theora: a1e56fd34408186e4bbccfd4996cb3dc -> 
  custom:container-muxer-webm: aa71ff27fc2769a1b78a27578f13a17b -> 
  custom:container-demuxer-webm: 4f35f7cbe854078d1ac9338744f61a02 -> 
  custom:video-encoder-webm-vp8: eb34c28f22e8b96e1ab97ce403110664 -> 
  custom:audio-encoder-webm-vorbis: bf7c407c2cedff20999df2af8eb42d56 -> 
  custom:framework-win-MediaFoundation: 216162199b28c13a410421893ffa2e32 -> 
  custom:container-demuxer-ogg: 62fdf1f143b41e24485cea50d1cbac27 -> 
  custom:video-decoder-webm-vp8: 9c59270c3fd7afecdb556c50c9e8de78 -> 
  custom:audio-decoder-ogg-vorbis: bf7c407c2cedff20999df2af8eb42d56 -> 
========================================================================
Received Import Request.
  Time since last request: 1259.203940 seconds.
  path: Assets/Lauren/46 (2).jpg
  artifactKey: Guid(07058e089010e24438140f81390444de) Importer(815301076,1909f56bfc062723c751e8b465ee728b)
Start importing Assets/Lauren/46 (2).jpg using Guid(07058e089010e24438140f81390444de) Importer(815301076,1909f56bfc062723c751e8b465ee728b)  -> (artifact id: 'b7fb66d65edb56db42808d3913cac3d7') in 0.173511 seconds 
========================================================================
Received Import Request.
  Time since last request: 0.000034 seconds.
  path: Assets/Lauren/Lauren/Lightmap-0_comp_dir.png
  artifactKey: Guid(f63d9fb444a849445b870252773feebb) Importer(815301076,1909f56bfc062723c751e8b465ee728b)
Start importing Assets/Lauren/Lauren/Lightmap-0_comp_dir.png using Guid(f63d9fb444a849445b870252773feebb) Importer(815301076,1909f56bfc062723c751e8b465ee728b)  -> (artifact id: 'bf446eea62a477da2f0c731663b6981a') in 0.024220 seconds 
========================================================================
Received Import Request.
  Time since last request: 0.000046 seconds.
  path: Assets/luna-character-in-t-pose/textures/Bodysuit_Spec.png
  artifactKey: Guid(baffd2dd5bc4c5c44b91ca9452ffdc2f) Importer(815301076,1909f56bfc062723c751e8b465ee728b)
Start importing Assets/luna-character-in-t-pose/textures/Bodysuit_Spec.png using Guid(baffd2dd5bc4c5c44b91ca9452ffdc2f) Importer(815301076,1909f56bfc062723c751e8b465ee728b)  -> (artifact id: '86a8fa81278bfdd43cd4b1177ce38774') in 0.016826 seconds 
========================================================================
Received Import Request.
  Time since last request: 0.000022 seconds.
  path: Assets/luna-character-in-t-pose/textures/Hair_BaseColor.png
  artifactKey: Guid(51eccf2766bfeb84e885e34bd079c844) Importer(815301076,1909f56bfc062723c751e8b465ee728b)
Start importing Assets/luna-character-in-t-pose/textures/Hair_BaseColor.png using Guid(51eccf2766bfeb84e885e34bd079c844) Importer(815301076,1909f56bfc062723c751e8b465ee728b)  -> (artifact id: '24acbc2795ba61debf2a0e8769a1e03b') in 0.016632 seconds 
========================================================================
Received Import Request.
  Time since last request: 0.000024 seconds.
  path: Assets/Bonita/textures/oak_metalness.jpg
  artifactKey: Guid(e8858777a60b00945af50f72e939d3bc) Importer(815301076,1909f56bfc062723c751e8b465ee728b)
Start importing Assets/Bonita/textures/oak_metalness.jpg using Guid(e8858777a60b00945af50f72e939d3bc) Importer(815301076,1909f56bfc062723c751e8b465ee728b)  -> (artifact id: '98397ec0988ee9b842de9b9e90dad4b1') in 0.011090 seconds 
========================================================================
Received Import Request.
  Time since last request: 0.000029 seconds.
  path: Assets/Lauren/Lauren/Lightmap-0_comp_light.exr
  artifactKey: Guid(fe16f1f6c526ba0469ecae5138a659f0) Importer(815301076,1909f56bfc062723c751e8b465ee728b)
Start importing Assets/Lauren/Lauren/Lightmap-0_comp_light.exr using Guid(fe16f1f6c526ba0469ecae5138a659f0) Importer(815301076,1909f56bfc062723c751e8b465ee728b)  -> (artifact id: '85364557ea5086462fab6dcb71db5f87') in 0.095403 seconds 
========================================================================
Received Import Request.
  Time since last request: 0.000026 seconds.
  path: Assets/luna-character-in-t-pose/textures/Jewels_AO.png
  artifactKey: Guid(1a278c2f67366c14b8b08a9aec498fd3) Importer(815301076,1909f56bfc062723c751e8b465ee728b)
Start importing Assets/luna-character-in-t-pose/textures/Jewels_AO.png using Guid(1a278c2f67366c14b8b08a9aec498fd3) Importer(815301076,1909f56bfc062723c751e8b465ee728b)  -> (artifact id: '268a46dc4ec232ec0989bdc7e7f9d62e') in 0.015007 seconds 
========================================================================
Received Import Request.
  Time since last request: 0.000024 seconds.
  path: Assets/Textures/oak_normal.jpg
  artifactKey: Guid(791c1ddb1ee405c46bdf851a54903553) Importer(815301076,1909f56bfc062723c751e8b465ee728b)
Start importing Assets/Textures/oak_normal.jpg using Guid(791c1ddb1ee405c46bdf851a54903553) Importer(815301076,1909f56bfc062723c751e8b465ee728b)  -> (artifact id: '927b71d1f75f9577d90a81cf10d468b7') in 0.020489 seconds 
========================================================================
Received Import Request.
  Time since last request: 0.000030 seconds.
  path: Assets/Lauren/Lauren/ReflectionProbe-0.exr
  artifactKey: Guid(fefdec37caf1d5340969c8c850babe8a) Importer(815301076,1909f56bfc062723c751e8b465ee728b)
Start importing Assets/Lauren/Lauren/ReflectionProbe-0.exr using Guid(fefdec37caf1d5340969c8c850babe8a) Importer(815301076,1909f56bfc062723c751e8b465ee728b)  -> (artifact id: 'ab18cda94d4f78ce8443778e094c507c') in 0.061330 seconds 
========================================================================
Received Import Request.
  Time since last request: 0.000055 seconds.
  path: Assets/luna-character-in-t-pose/textures/Hair_Spec.png
  artifactKey: Guid(11cd7de31a8540842a6d33d82cfc7c25) Importer(815301076,1909f56bfc062723c751e8b465ee728b)
Start importing Assets/luna-character-in-t-pose/textures/Hair_Spec.png using Guid(11cd7de31a8540842a6d33d82cfc7c25) Importer(815301076,1909f56bfc062723c751e8b465ee728b)  -> (artifact id: '9bba6c1c670b05e1751958f230017f8e') in 0.018441 seconds 
========================================================================
Received Import Request.
  Time since last request: 0.000030 seconds.
  path: Assets/luna-character-in-t-pose/textures/Bodysuit_Nmap.png
  artifactKey: Guid(c1c97115a001c4d428a5fcbf8b597854) Importer(815301076,1909f56bfc062723c751e8b465ee728b)
Start importing Assets/luna-character-in-t-pose/textures/Bodysuit_Nmap.png using Guid(c1c97115a001c4d428a5fcbf8b597854) Importer(815301076,1909f56bfc062723c751e8b465ee728b)  -> (artifact id: 'af3ec1e4c77594d16e91bb45e9d12551') in 0.036713 seconds 
========================================================================
Received Import Request.
  Time since last request: 0.000037 seconds.
  path: Assets/luna-character-in-t-pose/textures/Jewels_BaseColor.png
  artifactKey: Guid(0a70284c241a23846a8cadf52fbfc50b) Importer(815301076,1909f56bfc062723c751e8b465ee728b)
Start importing Assets/luna-character-in-t-pose/textures/Jewels_BaseColor.png using Guid(0a70284c241a23846a8cadf52fbfc50b) Importer(815301076,1909f56bfc062723c751e8b465ee728b)  -> (artifact id: '82b6955375acdf7ddad30a937092a7a5') in 0.017316 seconds 
========================================================================
Received Import Request.
  Time since last request: 0.000041 seconds.
  path: Assets/luna-character-in-t-pose/textures/Hair_Nmap.png
  artifactKey: Guid(55addc899dd013c48ba0f8666b3a3f84) Importer(815301076,1909f56bfc062723c751e8b465ee728b)
Start importing Assets/luna-character-in-t-pose/textures/Hair_Nmap.png using Guid(55addc899dd013c48ba0f8666b3a3f84) Importer(815301076,1909f56bfc062723c751e8b465ee728b)  -> (artifact id: '0ae7794b016c2a1cc9e60d4de5308d18') in 0.024851 seconds 
========================================================================
Received Import Request.
  Time since last request: 2.480373 seconds.
  path: Assets/Crimson/10 Models/Screenshot 2022-09-12 230504.png
  artifactKey: Guid(6cf5cb3dc9275364a980327246eceed8) Importer(815301076,1909f56bfc062723c751e8b465ee728b)
Start importing Assets/Crimson/10 Models/Screenshot 2022-09-12 230504.png using Guid(6cf5cb3dc9275364a980327246eceed8) Importer(815301076,1909f56bfc062723c751e8b465ee728b)  -> (artifact id: '6f1489df457227205d1efa10a53716ae') in 0.017096 seconds 
========================================================================
Received Import Request.
  Time since last request: 0.000020 seconds.
  path: Assets/Crimson/10 Models/Screenshot 2022-09-12 230828.png
  artifactKey: Guid(70dc37c1a93e02d41b524728efa6518e) Importer(815301076,1909f56bfc062723c751e8b465ee728b)
Start importing Assets/Crimson/10 Models/Screenshot 2022-09-12 230828.png using Guid(70dc37c1a93e02d41b524728efa6518e) Importer(815301076,1909f56bfc062723c751e8b465ee728b)  -> (artifact id: '0f618a9a421c0f515a9cd69868d4d8c1') in 0.076022 seconds 
========================================================================
Received Import Request.
  Time since last request: 0.397511 seconds.
  path: Assets/luna-character-in-t-pose/textures/Skin_Nmap.png
  artifactKey: Guid(d4f6919e3b5657c4997ac88509a5e7fb) Importer(815301076,1909f56bfc062723c751e8b465ee728b)
Start importing Assets/luna-character-in-t-pose/textures/Skin_Nmap.png using Guid(d4f6919e3b5657c4997ac88509a5e7fb) Importer(815301076,1909f56bfc062723c751e8b465ee728b)  -> (artifact id: '9bf8b8df331df7bfb4e0082ee7bb645c') in 0.021310 seconds 
========================================================================
Received Import Request.
  Time since last request: 0.000036 seconds.
  path: Assets/TutorialInfo/Icons/URP.png
  artifactKey: Guid(727a75301c3d24613a3ebcec4a24c2c8) Importer(815301076,1909f56bfc062723c751e8b465ee728b)
Start importing Assets/TutorialInfo/Icons/URP.png using Guid(727a75301c3d24613a3ebcec4a24c2c8) Importer(815301076,1909f56bfc062723c751e8b465ee728b)  -> (artifact id: '27993900def753d1e43c8494307f212a') in 0.022816 seconds 
Editor requested this worker to shutdown with reason: Scaling down because of idle timeout
AssetImportWorker is now disconnected from the server
Process exiting
Exiting without the bug reporter. Application will terminate with return code 0